<?xml version="1.0" encoding="UTF-8"?>
<testng-results ignored="0" total="1" passed="1" failed="0" skipped="0">
  <reporter-output>
  </reporter-output>
  <suite started-at="2026-04-03T16:48:48 GMT+07:00" name="Surefire suite" finished-at="2026-04-03T16:48:53 GMT+07:00" duration-ms="5415">
    <groups>
    </groups>
    <test started-at="2026-04-03T16:48:48 GMT+07:00" name="Surefire test" finished-at="2026-04-03T16:48:53 GMT+07:00" duration-ms="5415">
      <class name="tests.Login">
        <test-method is-config="true" signature="setup(java.lang.String)[pri:0, instance:tests.Login@4a22f9e2]" started-at="2026-04-03T16:48:48 GMT+07:00" name="setup" finished-at="2026-04-03T16:48:51 GMT+07:00" duration-ms="3731" status="PASS">
          <params>
            <param index="0">
              <value>
                <![CDATA[chrome]]>
              </value>
            </param>
          </params>
          <reporter-output>
          </reporter-output>
        </test-method> <!-- setup -->
        <test-method signature="testTitle()[pri:0, instance:tests.Login@4a22f9e2]" started-at="2026-04-03T16:48:51 GMT+07:00" name="testTitle" finished-at="2026-04-03T16:48:53 GMT+07:00" duration-ms="1169" status="PASS">
          <reporter-output>
          </reporter-output>
        </test-method> <!-- testTitle -->
        <test-method is-config="true" signature="tearDown()[pri:0, instance:tests.Login@4a22f9e2]" started-at="2026-04-03T16:48:53 GMT+07:00" name="tearDown" finished-at="2026-04-03T16:48:53 GMT+07:00" duration-ms="461" status="PASS">
          <reporter-output>
          </reporter-output>
        </test-method> <!-- tearDown -->
      </class> <!-- tests.Login -->
    </test> <!-- Surefire test -->
  </suite> <!-- Surefire suite -->
</testng-results>
