<?xml version="1.0" encoding="UTF-8"?>
<testng-results ignored="0" total="1" passed="1" failed="0" skipped="0">
  <reporter-output>
  </reporter-output>
  <suite started-at="2026-04-03T16:38:16 GMT+07:00" name="Surefire suite" finished-at="2026-04-03T16:38:22 GMT+07:00" duration-ms="6561">
    <groups>
    </groups>
    <test started-at="2026-04-03T16:38:16 GMT+07:00" name="Surefire test" finished-at="2026-04-03T16:38:22 GMT+07:00" duration-ms="6561">
      <class name="tests.Login">
        <test-method is-config="true" signature="setup()[pri:0, instance:tests.Login@49d904ec]" started-at="2026-04-03T16:38:16 GMT+07:00" name="setup" finished-at="2026-04-03T16:38:20 GMT+07:00" duration-ms="4341" status="PASS">
          <reporter-output>
          </reporter-output>
        </test-method> <!-- setup -->
        <test-method signature="testTitle()[pri:0, instance:tests.Login@49d904ec]" started-at="2026-04-03T16:38:20 GMT+07:00" name="testTitle" finished-at="2026-04-03T16:38:21 GMT+07:00" duration-ms="601" status="PASS">
          <reporter-output>
          </reporter-output>
        </test-method> <!-- testTitle -->
        <test-method is-config="true" signature="tearDown()[pri:0, instance:tests.Login@49d904ec]" started-at="2026-04-03T16:38:21 GMT+07:00" name="tearDown" finished-at="2026-04-03T16:38:22 GMT+07:00" duration-ms="1549" status="PASS">
          <reporter-output>
          </reporter-output>
        </test-method> <!-- tearDown -->
      </class> <!-- tests.Login -->
    </test> <!-- Surefire test -->
  </suite> <!-- Surefire suite -->
</testng-results>
